<?xml version="1.0" encoding="UTF-8"?>
<coverage generated="1778078258141" clover="3.2.0">
  <project timestamp="1778078258141" name="All files">
    <metrics statements="20" coveredstatements="19" conditionals="8" coveredconditionals="7" methods="13" coveredmethods="12" elements="41" coveredelements="38" complexity="0" loc="20" ncloc="20" packages="4" files="6" classes="6"/>
    <package name="components.features">
      <metrics statements="2" coveredstatements="2" conditionals="0" coveredconditionals="0" methods="2" coveredmethods="2"/>
      <file name="NewsList.jsx" path="C:\Users\artem\Desktop\NewsHub\newshub-react\src\components\features\NewsList.jsx">
        <metrics statements="2" coveredstatements="2" conditionals="0" coveredconditionals="0" methods="2" coveredmethods="2"/>
        <line num="5" count="1" type="stmt"/>
        <line num="10" count="2" type="stmt"/>
      </file>
    </package>
    <package name="components.layout">
      <metrics statements="1" coveredstatements="1" conditionals="0" coveredconditionals="0" methods="1" coveredmethods="1"/>
      <file name="NewsHeader.jsx" path="C:\Users\artem\Desktop\NewsHub\newshub-react\src\components\layout\NewsHeader.jsx">
        <metrics statements="1" coveredstatements="1" conditionals="0" coveredconditionals="0" methods="1" coveredmethods="1"/>
        <line num="4" count="1" type="stmt"/>
      </file>
    </package>
    <package name="components.ui">
      <metrics statements="8" coveredstatements="7" conditionals="0" coveredconditionals="0" methods="8" coveredmethods="7"/>
      <file name="CategoryTabs.jsx" path="C:\Users\artem\Desktop\NewsHub\newshub-react\src\components\ui\CategoryTabs.jsx">
        <metrics statements="4" coveredstatements="3" conditionals="0" coveredconditionals="0" methods="4" coveredmethods="3"/>
        <line num="2" count="3" type="stmt"/>
        <line num="4" count="0" type="stmt"/>
        <line num="6" count="4" type="stmt"/>
        <line num="9" count="1" type="stmt"/>
      </file>
      <file name="NewsCard.jsx" path="C:\Users\artem\Desktop\NewsHub\newshub-react\src\components\ui\NewsCard.jsx">
        <metrics statements="2" coveredstatements="2" conditionals="0" coveredconditionals="0" methods="2" coveredmethods="2"/>
        <line num="2" count="4" type="stmt"/>
        <line num="12" count="1" type="stmt"/>
      </file>
      <file name="NewsFilters.jsx" path="C:\Users\artem\Desktop\NewsHub\newshub-react\src\components\ui\NewsFilters.jsx">
        <metrics statements="2" coveredstatements="2" conditionals="0" coveredconditionals="0" methods="2" coveredmethods="2"/>
        <line num="2" count="2" type="stmt"/>
        <line num="8" count="6" type="stmt"/>
      </file>
    </package>
    <package name="utils">
      <metrics statements="9" coveredstatements="9" conditionals="8" coveredconditionals="7" methods="2" coveredmethods="2"/>
      <file name="stringUtils.js" path="C:\Users\artem\Desktop\NewsHub\newshub-react\src\utils\stringUtils.js">
        <metrics statements="9" coveredstatements="9" conditionals="8" coveredconditionals="7" methods="2" coveredmethods="2"/>
        <line num="1" count="1" type="stmt"/>
        <line num="2" count="3" type="cond" truecount="2" falsecount="0"/>
        <line num="3" count="2" type="stmt"/>
        <line num="4" count="2" type="cond" truecount="2" falsecount="0"/>
        <line num="6" count="1" type="stmt"/>
        <line num="13" count="1" type="stmt"/>
        <line num="14" count="2" type="cond" truecount="1" falsecount="1"/>
        <line num="15" count="2" type="cond" truecount="2" falsecount="0"/>
        <line num="16" count="1" type="stmt"/>
      </file>
    </package>
  </project>
</coverage>
