{"C:\\Users\\artem\\Desktop\\NewsHub\\newshub-react\\src\\components\\features\\NewsList.jsx": {"path":"C:\\Users\\artem\\Desktop\\NewsHub\\newshub-react\\src\\components\\features\\NewsList.jsx","statementMap":{"0":{"start":{"line":5,"column":2},"end":{"line":18,"column":4}},"1":{"start":{"line":10,"column":10},"end":{"line":14,"column":12}}},"fnMap":{"0":{"name":"NewsList","decl":{"start":{"line":4,"column":24},"end":{"line":4,"column":32}},"loc":{"start":{"line":4,"column":65},"end":{"line":19,"column":1}},"line":4},"1":{"name":"(anonymous_1)","decl":{"start":{"line":9,"column":18},"end":{"line":9,"column":19}},"loc":{"start":{"line":10,"column":10},"end":{"line":14,"column":12}},"line":10}},"branchMap":{},"s":{"0":1,"1":2},"f":{"0":1,"1":2},"b":{},"_coverageSchema":"1a1c01bbd47fc00a2c39e90264f33305004495a9","hash":"860ddca55ffdd6fe4e7e706cef7e61f85bb332c3"}
,"C:\\Users\\artem\\Desktop\\NewsHub\\newshub-react\\src\\components\\layout\\NewsHeader.jsx": {"path":"C:\\Users\\artem\\Desktop\\NewsHub\\newshub-react\\src\\components\\layout\\NewsHeader.jsx","statementMap":{"0":{"start":{"line":4,"column":2},"end":{"line":12,"column":4}}},"fnMap":{"0":{"name":"NewsHeader","decl":{"start":{"line":3,"column":24},"end":{"line":3,"column":34}},"loc":{"start":{"line":3,"column":69},"end":{"line":13,"column":1}},"line":3}},"branchMap":{},"s":{"0":1},"f":{"0":1},"b":{},"_coverageSchema":"1a1c01bbd47fc00a2c39e90264f33305004495a9","hash":"f0bedd4dae066ebf478ed7467134a48e3949f037"}
,"C:\\Users\\artem\\Desktop\\NewsHub\\newshub-react\\src\\components\\ui\\CategoryTabs.jsx": {"path":"C:\\Users\\artem\\Desktop\\NewsHub\\newshub-react\\src\\components\\ui\\CategoryTabs.jsx","statementMap":{"0":{"start":{"line":2,"column":2},"end":{"line":15,"column":4}},"1":{"start":{"line":4,"column":80},"end":{"line":4,"column":95}},"2":{"start":{"line":6,"column":8},"end":{"line":12,"column":17}},"3":{"start":{"line":9,"column":25},"end":{"line":9,"column":38}}},"fnMap":{"0":{"name":"CategoryTabs","decl":{"start":{"line":1,"column":24},"end":{"line":1,"column":36}},"loc":{"start":{"line":1,"column":63},"end":{"line":16,"column":1}},"line":1},"1":{"name":"(anonymous_1)","decl":{"start":{"line":4,"column":74},"end":{"line":4,"column":75}},"loc":{"start":{"line":4,"column":80},"end":{"line":4,"column":95}},"line":4},"2":{"name":"(anonymous_2)","decl":{"start":{"line":5,"column":22},"end":{"line":5,"column":23}},"loc":{"start":{"line":6,"column":8},"end":{"line":12,"column":17}},"line":6},"3":{"name":"(anonymous_3)","decl":{"start":{"line":9,"column":19},"end":{"line":9,"column":20}},"loc":{"start":{"line":9,"column":25},"end":{"line":9,"column":38}},"line":9}},"branchMap":{},"s":{"0":3,"1":0,"2":4,"3":1},"f":{"0":3,"1":0,"2":4,"3":1},"b":{},"_coverageSchema":"1a1c01bbd47fc00a2c39e90264f33305004495a9","hash":"d0997565603d9c0c046dc47c6d71ba472e726b27"}
,"C:\\Users\\artem\\Desktop\\NewsHub\\newshub-react\\src\\components\\ui\\NewsCard.jsx": {"path":"C:\\Users\\artem\\Desktop\\NewsHub\\newshub-react\\src\\components\\ui\\NewsCard.jsx","statementMap":{"0":{"start":{"line":2,"column":2},"end":{"line":17,"column":4}},"1":{"start":{"line":12,"column":23},"end":{"line":12,"column":45}}},"fnMap":{"0":{"name":"NewsCard","decl":{"start":{"line":1,"column":24},"end":{"line":1,"column":32}},"loc":{"start":{"line":1,"column":58},"end":{"line":18,"column":1}},"line":1},"1":{"name":"(anonymous_1)","decl":{"start":{"line":12,"column":17},"end":{"line":12,"column":18}},"loc":{"start":{"line":12,"column":23},"end":{"line":12,"column":45}},"line":12}},"branchMap":{},"s":{"0":4,"1":1},"f":{"0":4,"1":1},"b":{},"_coverageSchema":"1a1c01bbd47fc00a2c39e90264f33305004495a9","hash":"34c863406cbcd7a582c686ebc293fa64e74c57c2"}
,"C:\\Users\\artem\\Desktop\\NewsHub\\newshub-react\\src\\components\\ui\\NewsFilters.jsx": {"path":"C:\\Users\\artem\\Desktop\\NewsHub\\newshub-react\\src\\components\\ui\\NewsFilters.jsx","statementMap":{"0":{"start":{"line":2,"column":2},"end":{"line":11,"column":4}},"1":{"start":{"line":8,"column":25},"end":{"line":8,"column":49}}},"fnMap":{"0":{"name":"NewsFilters","decl":{"start":{"line":1,"column":24},"end":{"line":1,"column":35}},"loc":{"start":{"line":1,"column":50},"end":{"line":12,"column":1}},"line":1},"1":{"name":"(anonymous_1)","decl":{"start":{"line":8,"column":18},"end":{"line":8,"column":19}},"loc":{"start":{"line":8,"column":25},"end":{"line":8,"column":49}},"line":8}},"branchMap":{},"s":{"0":2,"1":6},"f":{"0":2,"1":6},"b":{},"_coverageSchema":"1a1c01bbd47fc00a2c39e90264f33305004495a9","hash":"c22ae8f8de124243d630b5f843880a2033515510"}
,"C:\\Users\\artem\\Desktop\\NewsHub\\newshub-react\\src\\utils\\stringUtils.js": {"path":"C:\\Users\\artem\\Desktop\\NewsHub\\newshub-react\\src\\utils\\stringUtils.js","statementMap":{"0":{"start":{"line":1,"column":26},"end":{"line":11,"column":1}},"1":{"start":{"line":2,"column":2},"end":{"line":2,"column":29}},"2":{"start":{"line":2,"column":19},"end":{"line":2,"column":29}},"3":{"start":{"line":3,"column":15},"end":{"line":3,"column":35}},"4":{"start":{"line":4,"column":2},"end":{"line":4,"column":52}},"5":{"start":{"line":4,"column":29},"end":{"line":4,"column":52}},"6":{"start":{"line":6,"column":2},"end":{"line":10,"column":18}},"7":{"start":{"line":13,"column":28},"end":{"line":17,"column":1}},"8":{"start":{"line":14,"column":2},"end":{"line":14,"column":23}},"9":{"start":{"line":14,"column":13},"end":{"line":14,"column":23}},"10":{"start":{"line":15,"column":2},"end":{"line":15,"column":44}},"11":{"start":{"line":15,"column":32},"end":{"line":15,"column":44}},"12":{"start":{"line":16,"column":2},"end":{"line":16,"column":42}}},"fnMap":{"0":{"name":"(anonymous_0)","decl":{"start":{"line":1,"column":26},"end":{"line":1,"column":27}},"loc":{"start":{"line":1,"column":42},"end":{"line":11,"column":1}},"line":1},"1":{"name":"(anonymous_1)","decl":{"start":{"line":13,"column":28},"end":{"line":13,"column":29}},"loc":{"start":{"line":13,"column":49},"end":{"line":17,"column":1}},"line":13}},"branchMap":{"0":{"loc":{"start":{"line":2,"column":2},"end":{"line":2,"column":29}},"type":"if","locations":[{"start":{"line":2,"column":2},"end":{"line":2,"column":29}},{"start":{},"end":{}}],"line":2},"1":{"loc":{"start":{"line":4,"column":2},"end":{"line":4,"column":52}},"type":"if","locations":[{"start":{"line":4,"column":2},"end":{"line":4,"column":52}},{"start":{},"end":{}}],"line":4},"2":{"loc":{"start":{"line":14,"column":2},"end":{"line":14,"column":23}},"type":"if","locations":[{"start":{"line":14,"column":2},"end":{"line":14,"column":23}},{"start":{},"end":{}}],"line":14},"3":{"loc":{"start":{"line":15,"column":2},"end":{"line":15,"column":44}},"type":"if","locations":[{"start":{"line":15,"column":2},"end":{"line":15,"column":44}},{"start":{},"end":{}}],"line":15}},"s":{"0":1,"1":3,"2":1,"3":2,"4":2,"5":1,"6":1,"7":1,"8":2,"9":0,"10":2,"11":1,"12":1},"f":{"0":3,"1":2},"b":{"0":[1,2],"1":[1,1],"2":[0,2],"3":[1,1]},"_coverageSchema":"1a1c01bbd47fc00a2c39e90264f33305004495a9","hash":"406f49399d477b1ca28d4b264831ac1ca245f065"}
}
