TN:
SF:src\components\features\NewsList.jsx
FN:4,NewsList
FN:9,(anonymous_1)
FNF:2
FNH:2
FNDA:1,NewsList
FNDA:2,(anonymous_1)
DA:5,1
DA:10,2
LF:2
LH:2
BRF:0
BRH:0
end_of_record
TN:
SF:src\components\layout\NewsHeader.jsx
FN:3,NewsHeader
FNF:1
FNH:1
FNDA:1,NewsHeader
DA:4,1
LF:1
LH:1
BRF:0
BRH:0
end_of_record
TN:
SF:src\components\ui\CategoryTabs.jsx
FN:1,CategoryTabs
FN:4,(anonymous_1)
FN:5,(anonymous_2)
FN:9,(anonymous_3)
FNF:4
FNH:3
FNDA:3,CategoryTabs
FNDA:0,(anonymous_1)
FNDA:4,(anonymous_2)
FNDA:1,(anonymous_3)
DA:2,3
DA:4,0
DA:6,4
DA:9,1
LF:4
LH:3
BRF:0
BRH:0
end_of_record
TN:
SF:src\components\ui\NewsCard.jsx
FN:1,NewsCard
FN:12,(anonymous_1)
FNF:2
FNH:2
FNDA:4,NewsCard
FNDA:1,(anonymous_1)
DA:2,4
DA:12,1
LF:2
LH:2
BRF:0
BRH:0
end_of_record
TN:
SF:src\components\ui\NewsFilters.jsx
FN:1,NewsFilters
FN:8,(anonymous_1)
FNF:2
FNH:2
FNDA:2,NewsFilters
FNDA:6,(anonymous_1)
DA:2,2
DA:8,6
LF:2
LH:2
BRF:0
BRH:0
end_of_record
TN:
SF:src\utils\stringUtils.js
FN:1,(anonymous_0)
FN:13,(anonymous_1)
FNF:2
FNH:2
FNDA:3,(anonymous_0)
FNDA:2,(anonymous_1)
DA:1,1
DA:2,3
DA:3,2
DA:4,2
DA:6,1
DA:13,1
DA:14,2
DA:15,2
DA:16,1
LF:9
LH:9
BRDA:2,0,0,1
BRDA:2,0,1,2
BRDA:4,1,0,1
BRDA:4,1,1,1
BRDA:14,2,0,0
BRDA:14,2,1,2
BRDA:15,3,0,1
BRDA:15,3,1,1
BRF:8
BRH:7
end_of_record
